d:\projects\projektoopcpp\projektoopcpp\debug\vc141.pdb
d:\projects\projektoopcpp\projektoopcpp\debug\vc141.idb
d:\projects\projektoopcpp\projektoopcpp\debug\main.obj
d:\projects\projektoopcpp\projektoopcpp\debug\world.obj
d:\projects\projektoopcpp\projektoopcpp\debug\human.obj
d:\projects\projektoopcpp\projektoopcpp\debug\entity.obj
d:\projects\projektoopcpp\projektoopcpp\debug\animal.obj
d:\projects\projektoopcpp\projektoopcpp\debug\wolf.obj
d:\projects\projektoopcpp\projektoopcpp\debug\sheep.obj
d:\projects\projektoopcpp\projektoopcpp\debug\fox.obj
d:\projects\projektoopcpp\projektoopcpp\debug\turtle.obj
d:\projects\projektoopcpp\projektoopcpp\debug\antelope.obj
d:\projects\projektoopcpp\projektoopcpp\debug\sowthistle.obj
d:\projects\projektoopcpp\projektoopcpp\debug\hogweed.obj
d:\projects\projektoopcpp\projektoopcpp\debug\guarana.obj
d:\projects\projektoopcpp\projektoopcpp\debug\grass.obj
d:\projects\projektoopcpp\projektoopcpp\debug\belladona.obj
d:\projects\projektoopcpp\projektoopcpp\debug\plant.obj
d:\projects\projektoopcpp\debug\projektoopcpp.exe
d:\projects\projektoopcpp\debug\projektoopcpp.ilk
d:\projects\projektoopcpp\debug\projektoopcpp.pdb
d:\projects\projektoopcpp\projektoopcpp\debug\projektoopcpp.tlog\cl.read.1.tlog
d:\projects\projektoopcpp\projektoopcpp\debug\projektoopcpp.tlog\cl.write.1.tlog
d:\projects\projektoopcpp\projektoopcpp\debug\projektoopcpp.tlog\cl.command.1.tlog
d:\projects\projektoopcpp\projektoopcpp\debug\projektoopcpp.tlog\link.command.1.tlog
d:\projects\projektoopcpp\projektoopcpp\debug\projektoopcpp.tlog\link.read.1.tlog
d:\projects\projektoopcpp\projektoopcpp\debug\projektoopcpp.tlog\link.write.1.tlog
